============================================================
  Generated by:           Genus(TM) Synthesis Solution 21.17-s066_1
  Generated on:           Jul 28 2023  09:12:34 am
  Module:                 compGRNG
  Technology library:     typical 
  Operating conditions:   _nominal_ (balanced_tree)
  Wireload mode:          enclosed
  Area mode:              timing library
============================================================

         Pin                Type       Fanout Load Slew Delay Arrival   
                                              (fF) (ps)  (ps)   (ps)    
------------------------------------------------------------------------
LFSR6_r_LFSR_reg[5]/CK                                0    +0       0 R 
LFSR6_r_LFSR_reg[5]/Q    DFF_X2             3  2.7   20   +88      88 F 
g8989__1617/A                                              +0      88   
g8989__1617/ZN           AOI21_X1           1  0.7   26   +16     104 R 
g8958__7482/A1                                             +0     104   
g8958__7482/ZN           OR2_X1             1  0.9   14   +23     128 R 
g8858__7482/A1                                             +0     128   
g8858__7482/ZN           OR4_X1             2  1.4   20   +26     154 R 
g8844__6260/A1                                             +0     154   
g8844__6260/ZN           NOR2_X1            4  2.8   39   +22     176 F 
g8836/A                                                    +0     176   
g8836/ZN                 INV_X1             8  6.0   49   +33     208 R 
g8820__2802/A1                                             +0     208   
g8820__2802/ZN           NAND2_X1           4  2.3   41   +26     235 F 
g8809__6417/A1                                             +0     235   
g8809__6417/ZN           NOR2_X1            3  2.1   32   +22     257 R 
g8782__1705/B1                                             +0     257   
g8782__1705/ZN           AOI221_X1          1  0.7   47   +36     292 F 
g8780__1617/A1                                             +0     292   
g8780__1617/ZN           NAND2_X1           5  2.9   35   +25     318 R 
g8778__8428/A1                                             +0     318   
g8778__8428/ZN           NOR2_X1            5  3.7   49   +29     346 F 
g8770__5107/B1                                             +0     346   
g8770__5107/ZN           AOI221_X1          1  0.7   33   +29     375 R 
g8768__5477/A                                              +0     375   
g8768__5477/ZN           OAI211_X1          1  0.7   39   +28     404 F 
g8767__6417/A                                              +0     404   
g8767__6417/ZN           AOI221_X1          1  0.7   30   +22     425 R 
g8766__7410/A1                                             +0     425   
g8766__7410/ZN           NAND2_X1           6  3.4   47   +28     454 F 
g8761__2883/A1                                             +0     454   
g8761__2883/ZN           NOR2_X1            2  1.4   28   +20     473 R 
g8758/A                                                    +0     473   
g8758/ZN                 INV_X1             4  3.1   35   +23     496 F 
g8745__2802/A1                                             +0     496   
g8745__2802/ZN           OAI22_X1           1  0.8   41   +18     514 R 
g8727__7410/A1                                             +0     514   
g8727__7410/ZN           NOR3_X1            1  0.6   32   +18     532 F 
g8726__2346/A                                              +0     532   
g8726__2346/ZN           OAI21_X1           1  0.7   29   +19     551 R 
g8725__9945/A                                              +0     551   
g8725__9945/ZN           AOI221_X1          1  0.7   47   +27     578 F 
g8723__6161/A1                                             +0     578   
g8723__6161/ZN           NAND3_X1           1  0.7   28   +18     595 R 
g8721__7482/A                                              +0     595   
g8721__7482/ZN           AOI221_X1          1  0.7   49   +27     622 F 
g8719__5115/A                                              +0     622   
g8719__5115/ZN           OAI221_X1          9  5.7   83   +44     666 R 
g8718/A                                                    +0     666   
g8718/ZN                 INV_X1            11  8.1   84   +57     723 F 
g8716__1705/A1                                             +0     723   
g8716__1705/ZN           NAND2_X1           2  1.4   34   +25     748 R 
g8693__6161/B1                                             +0     748   
g8693__6161/ZN           OAI221_X1          1  0.7   43   +32     780 F 
g8687__6131/A                                              +0     780   
g8687__6131/ZN           AOI221_X1          1  0.7   33   +22     802 R 
g8682__1705/A                                              +0     802   
g8682__1705/ZN           OAI221_X1          1  0.6   44   +33     835 F 
g8680/A                                                    +0     835   
g8680/ZN                 INV_X1             1  0.8   18   +14     849 R 
g8676__5526/A1                                             +0     849   
g8676__5526/ZN           NAND4_X1           1  0.7   32   +15     864 F 
g8673__8428/B                                              +0     864   
g8673__8428/ZN           AOI211_X1          1  0.7   38   +25     889 R 
g8671__6260/A                                              +0     889   
g8671__6260/ZN           OAI211_X1          1  0.0   37   +26     914 F 
result[2]                interconnect                37    +0     914 F 
                         out port                          +0     914 F 
------------------------------------------------------------------------
Timing slack :  UNCONSTRAINED
Start-point  : LFSR6_r_LFSR_reg[5]/CK
End-point    : result[2]

